The target system is: Generic -  - 
The host system is: Darwin - 25.3.0 - x86_64
Compiling the C compiler identification source file "CMakeCCompilerId.c" succeeded.
Compiler: /Users/jameswjohnson/.platformio/packages/toolchain-xtensa-esp-elf/bin/xtensa-esp32s3-elf-gcc 
Build flags: -mlongcalls;;-fno-builtin-memcpy;-fno-builtin-memset;-fno-builtin-bzero;-fno-builtin-stpcpy;-fno-builtin-strncpy
Id flags:  

The output was:
0


Compilation of the C compiler identification source "CMakeCCompilerId.c" produced "a.out"

The C compiler identification is GNU, found in "/Users/jameswjohnson/Documents/ESP32/touchExplore/.pio/build/esp32s3box/CMakeFiles/3.16.4/CompilerIdC/a.out"

Compiling the CXX compiler identification source file "CMakeCXXCompilerId.cpp" succeeded.
Compiler: /Users/jameswjohnson/.platformio/packages/toolchain-xtensa-esp-elf/bin/xtensa-esp32s3-elf-g++ 
Build flags: -mlongcalls;;-fno-builtin-memcpy;-fno-builtin-memset;-fno-builtin-bzero;-fno-builtin-stpcpy;-fno-builtin-strncpy
Id flags:  

The output was:
0


Compilation of the CXX compiler identification source "CMakeCXXCompilerId.cpp" produced "a.out"

The CXX compiler identification is GNU, found in "/Users/jameswjohnson/Documents/ESP32/touchExplore/.pio/build/esp32s3box/CMakeFiles/3.16.4/CompilerIdCXX/a.out"

Checking whether the ASM compiler is GNU using "--version" matched "(GNU assembler)|(GCC)|(Free Software Foundation)":
xtensa-esp-elf-gcc (crosstool-NG esp-14.2.0_20241119) 14.2.0
Copyright (C) 2024 Free Software Foundation, Inc.
This is free software; see the source for copying conditions.  There is NO
warranty; not even for MERCHANTABILITY or FITNESS FOR A PARTICULAR PURPOSE.

Determining if the C compiler works passed with the following output:
Change Dir: /Users/jameswjohnson/Documents/ESP32/touchExplore/.pio/build/esp32s3box/CMakeFiles/CMakeTmp

Run Build Command(s):/Users/jameswjohnson/.platformio/packages/tool-ninja/ninja cmTC_64bad && [1/2] Building C object CMakeFiles/cmTC_64bad.dir/testCCompiler.c.obj
[2/2] Linking C static library libcmTC_64bad.a



Detecting C compiler ABI info compiled with the following output:
Change Dir: /Users/jameswjohnson/Documents/ESP32/touchExplore/.pio/build/esp32s3box/CMakeFiles/CMakeTmp

Run Build Command(s):/Users/jameswjohnson/.platformio/packages/tool-ninja/ninja cmTC_606c3 && [1/2] Building C object CMakeFiles/cmTC_606c3.dir/CMakeCCompilerABI.c.obj
Using built-in specs.
COLLECT_GCC=/Users/jameswjohnson/.platformio/packages/toolchain-xtensa-esp-elf/bin/xtensa-esp-elf-gcc
Target: xtensa-esp-elf
Configured with: /builds/idf/crosstool-NG/.build/xtensa-esp-elf/src/gcc/configure --build=x86_64-build_pc-linux-gnu --host=aarch64-host_apple-darwin21.1 --target=xtensa-esp-elf --prefix=/builds/idf/crosstool-NG/builds/xtensa-esp-elf --exec_prefix=/builds/idf/crosstool-NG/builds/xtensa-esp-elf --with-local-prefix=/builds/idf/crosstool-NG/builds/xtensa-esp-elf/xtensa-esp-elf --with-sysroot=/builds/idf/crosstool-NG/builds/xtensa-esp-elf/xtensa-esp-elf --with-native-system-header-dir=/include --with-newlib --enable-threads=no --disable-shared --with-pkgversion='crosstool-NG esp-14.2.0_20241119' --disable-__cxa_atexit --enable-cxx-flags=-ffunction-sections --disable-libgomp --disable-libmudflap --disable-libmpx --disable-libssp --disable-libquadmath --disable-libquadmath-support --disable-libstdcxx-verbose --with-gmp=/builds/idf/crosstool-NG/.build/xtensa-esp-elf/buildtools/complibs-host --with-mpfr=/builds/idf/crosstool-NG/.build/xtensa-esp-elf/buildtools/complibs-host --with-mpc=/builds/idf/crosstool-NG/.build/xtensa-esp-elf/buildtools/complibs-host --with-isl=/builds/idf/crosstool-NG/.build/xtensa-esp-elf/buildtools/complibs-host --enable-lto --enable-target-optspace --without-long-double-128 --disable-nls --enable-multiarch --enable-languages=c,c++ --disable-libstdcxx-verbose --enable-threads=posix --enable-gcov-custom-rtio --enable-libstdcxx-time=yes
Thread model: posix
Supported LTO compression algorithms: zlib
gcc version 14.2.0 (crosstool-NG esp-14.2.0_20241119) 
COLLECT_GCC_OPTIONS='-mdynconfig=xtensa_esp32s3.so' '-mlongcalls' '-fno-builtin-memcpy' '-fno-builtin-memset' '-fno-builtin-bzero' '-fno-builtin-stpcpy' '-fno-builtin-strncpy' '-v' '-o' 'CMakeFiles/cmTC_606c3.dir/CMakeCCompilerABI.c.obj' '-c' '-dumpdir' 'CMakeFiles/cmTC_606c3.dir/'
 /Users/jameswjohnson/.platformio/packages/toolchain-xtensa-esp-elf/bin/../libexec/gcc/xtensa-esp-elf/14.2.0/cc1 -quiet -v -imultilib esp32s3 -iprefix /Users/jameswjohnson/.platformio/packages/toolchain-xtensa-esp-elf/bin/../lib/gcc/xtensa-esp-elf/14.2.0/ -isysroot /Users/jameswjohnson/.platformio/packages/toolchain-xtensa-esp-elf/bin/../xtensa-esp-elf /Users/jameswjohnson/.platformio/packages/tool-cmake/share/cmake-3.16/Modules/CMakeCCompilerABI.c -quiet -dumpdir CMakeFiles/cmTC_606c3.dir/ -dumpbase CMakeCCompilerABI.c.c -dumpbase-ext .c -mdynconfig=xtensa_esp32s3.so -mlongcalls -version -fno-builtin-memcpy -fno-builtin-memset -fno-builtin-bzero -fno-builtin-stpcpy -fno-builtin-strncpy -o /var/folders/td/71s2lclx78dfmvzmkd6jjcm80000gn/T//cc3CwZEt.s
GNU C17 (crosstool-NG esp-14.2.0_20241119) version 14.2.0 (xtensa-esp-elf)
	compiled by GNU C version Debian Clang 11.0.1, GMP version 6.2.1, MPFR version 4.2.1, MPC version 1.2.1, isl version isl-0.26-GMP

GGC heuristics: --param ggc-min-expand=100 --param ggc-min-heapsize=131072
ignoring duplicate directory "/Users/jameswjohnson/.platformio/packages/toolchain-xtensa-esp-elf/bin/../lib/gcc/../../lib/gcc/xtensa-esp-elf/14.2.0/include"
ignoring nonexistent directory "/Users/jameswjohnson/.platformio/packages/toolchain-xtensa-esp-elf/bin/../xtensa-esp-elf/builds/idf/crosstool-NG/builds/xtensa-esp-elf/xtensa-esp-elf/include"
ignoring duplicate directory "/Users/jameswjohnson/.platformio/packages/toolchain-xtensa-esp-elf/bin/../lib/gcc/../../lib/gcc/xtensa-esp-elf/14.2.0/include-fixed"
ignoring duplicate directory "/Users/jameswjohnson/.platformio/packages/toolchain-xtensa-esp-elf/bin/../lib/gcc/../../lib/gcc/xtensa-esp-elf/14.2.0/../../../../xtensa-esp-elf/include"
ignoring duplicate directory "/Users/jameswjohnson/.platformio/packages/toolchain-xtensa-esp-elf/bin/../xtensa-esp-elf/include"
#include "..." search starts here:
#include <...> search starts here:
 /Users/jameswjohnson/.platformio/packages/toolchain-xtensa-esp-elf/bin/../lib/gcc/xtensa-esp-elf/14.2.0/include
 /Users/jameswjohnson/.platformio/packages/toolchain-xtensa-esp-elf/bin/../lib/gcc/xtensa-esp-elf/14.2.0/include-fixed
 /Users/jameswjohnson/.platformio/packages/toolchain-xtensa-esp-elf/bin/../lib/gcc/xtensa-esp-elf/14.2.0/../../../../xtensa-esp-elf/include
End of search list.
Compiler executable checksum: af69fd9f9a101617223bab54c4450538
COLLECT_GCC_OPTIONS='-mdynconfig=xtensa_esp32s3.so' '-mlongcalls' '-fno-builtin-memcpy' '-fno-builtin-memset' '-fno-builtin-bzero' '-fno-builtin-stpcpy' '-fno-builtin-strncpy' '-v' '-o' 'CMakeFiles/cmTC_606c3.dir/CMakeCCompilerABI.c.obj' '-c' '-dumpdir' 'CMakeFiles/cmTC_606c3.dir/'
 /Users/jameswjohnson/.platformio/packages/toolchain-xtensa-esp-elf/bin/../lib/gcc/xtensa-esp-elf/14.2.0/../../../../xtensa-esp-elf/bin/as --traditional-format --longcalls --dynconfig=xtensa_esp32s3.so -o CMakeFiles/cmTC_606c3.dir/CMakeCCompilerABI.c.obj /var/folders/td/71s2lclx78dfmvzmkd6jjcm80000gn/T//cc3CwZEt.s
COMPILER_PATH=/Users/jameswjohnson/.platformio/packages/toolchain-xtensa-esp-elf/bin/../libexec/gcc/xtensa-esp-elf/14.2.0/:/Users/jameswjohnson/.platformio/packages/toolchain-xtensa-esp-elf/bin/../libexec/gcc/:/Users/jameswjohnson/.platformio/packages/toolchain-xtensa-esp-elf/bin/../lib/gcc/xtensa-esp-elf/14.2.0/../../../../xtensa-esp-elf/bin/
LIBRARY_PATH=/Users/jameswjohnson/.platformio/packages/toolchain-xtensa-esp-elf/bin/../lib/gcc/xtensa-esp-elf/14.2.0/esp32s3/:/Users/jameswjohnson/.platformio/packages/toolchain-xtensa-esp-elf/bin/../lib/gcc/xtensa-esp-elf/14.2.0/../../../../xtensa-esp-elf/lib/esp32s3/:/Users/jameswjohnson/.platformio/packages/toolchain-xtensa-esp-elf/bin/../xtensa-esp-elf/lib/esp32s3/:/Users/jameswjohnson/.platformio/packages/toolchain-xtensa-esp-elf/bin/../lib/gcc/xtensa-esp-elf/14.2.0/:/Users/jameswjohnson/.platformio/packages/toolchain-xtensa-esp-elf/bin/../lib/gcc/:/Users/jameswjohnson/.platformio/packages/toolchain-xtensa-esp-elf/bin/../lib/gcc/xtensa-esp-elf/14.2.0/../../../../xtensa-esp-elf/lib/:/Users/jameswjohnson/.platformio/packages/toolchain-xtensa-esp-elf/bin/../xtensa-esp-elf/lib/
COLLECT_GCC_OPTIONS='-mdynconfig=xtensa_esp32s3.so' '-mlongcalls' '-fno-builtin-memcpy' '-fno-builtin-memset' '-fno-builtin-bzero' '-fno-builtin-stpcpy' '-fno-builtin-strncpy' '-v' '-o' 'CMakeFiles/cmTC_606c3.dir/CMakeCCompilerABI.c.obj' '-c' '-dumpdir' 'CMakeFiles/cmTC_606c3.dir/CMakeCCompilerABI.c.'
[2/2] Linking C static library libcmTC_606c3.a



Parsed C implicit include dir info from above output: rv=done
  found start of include info
  found start of implicit include info
    add: [/Users/jameswjohnson/.platformio/packages/toolchain-xtensa-esp-elf/bin/../lib/gcc/xtensa-esp-elf/14.2.0/include]
    add: [/Users/jameswjohnson/.platformio/packages/toolchain-xtensa-esp-elf/bin/../lib/gcc/xtensa-esp-elf/14.2.0/include-fixed]
    add: [/Users/jameswjohnson/.platformio/packages/toolchain-xtensa-esp-elf/bin/../lib/gcc/xtensa-esp-elf/14.2.0/../../../../xtensa-esp-elf/include]
  end of search list found
  collapse include dir [/Users/jameswjohnson/.platformio/packages/toolchain-xtensa-esp-elf/bin/../lib/gcc/xtensa-esp-elf/14.2.0/include] ==> [/Users/jameswjohnson/.platformio/packages/toolchain-xtensa-esp-elf/lib/gcc/xtensa-esp-elf/14.2.0/include]
  collapse include dir [/Users/jameswjohnson/.platformio/packages/toolchain-xtensa-esp-elf/bin/../lib/gcc/xtensa-esp-elf/14.2.0/include-fixed] ==> [/Users/jameswjohnson/.platformio/packages/toolchain-xtensa-esp-elf/lib/gcc/xtensa-esp-elf/14.2.0/include-fixed]
  collapse include dir [/Users/jameswjohnson/.platformio/packages/toolchain-xtensa-esp-elf/bin/../lib/gcc/xtensa-esp-elf/14.2.0/../../../../xtensa-esp-elf/include] ==> [/Users/jameswjohnson/.platformio/packages/toolchain-xtensa-esp-elf/xtensa-esp-elf/include]
  implicit include dirs: [/Users/jameswjohnson/.platformio/packages/toolchain-xtensa-esp-elf/lib/gcc/xtensa-esp-elf/14.2.0/include;/Users/jameswjohnson/.platformio/packages/toolchain-xtensa-esp-elf/lib/gcc/xtensa-esp-elf/14.2.0/include-fixed;/Users/jameswjohnson/.platformio/packages/toolchain-xtensa-esp-elf/xtensa-esp-elf/include]


Parsed C implicit link information from above output:
  link line regex: [^( *|.*[/\])(xtensa-esp32s3-elf-ld|CMAKE_LINK_STARTFILE-NOTFOUND|([^/\]+-)?ld|collect2)[^/\]*( |$)]
  ignore line: [Change Dir: /Users/jameswjohnson/Documents/ESP32/touchExplore/.pio/build/esp32s3box/CMakeFiles/CMakeTmp]
  ignore line: []
  ignore line: [Run Build Command(s):/Users/jameswjohnson/.platformio/packages/tool-ninja/ninja cmTC_606c3 && [1/2] Building C object CMakeFiles/cmTC_606c3.dir/CMakeCCompilerABI.c.obj]
  ignore line: [Using built-in specs.]
  ignore line: [COLLECT_GCC=/Users/jameswjohnson/.platformio/packages/toolchain-xtensa-esp-elf/bin/xtensa-esp-elf-gcc]
  ignore line: [Target: xtensa-esp-elf]
  ignore line: [Configured with: /builds/idf/crosstool-NG/.build/xtensa-esp-elf/src/gcc/configure --build=x86_64-build_pc-linux-gnu --host=aarch64-host_apple-darwin21.1 --target=xtensa-esp-elf --prefix=/builds/idf/crosstool-NG/builds/xtensa-esp-elf --exec_prefix=/builds/idf/crosstool-NG/builds/xtensa-esp-elf --with-local-prefix=/builds/idf/crosstool-NG/builds/xtensa-esp-elf/xtensa-esp-elf --with-sysroot=/builds/idf/crosstool-NG/builds/xtensa-esp-elf/xtensa-esp-elf --with-native-system-header-dir=/include --with-newlib --enable-threads=no --disable-shared --with-pkgversion='crosstool-NG esp-14.2.0_20241119' --disable-__cxa_atexit --enable-cxx-flags=-ffunction-sections --disable-libgomp --disable-libmudflap --disable-libmpx --disable-libssp --disable-libquadmath --disable-libquadmath-support --disable-libstdcxx-verbose --with-gmp=/builds/idf/crosstool-NG/.build/xtensa-esp-elf/buildtools/complibs-host --with-mpfr=/builds/idf/crosstool-NG/.build/xtensa-esp-elf/buildtools/complibs-host --with-mpc=/builds/idf/crosstool-NG/.build/xtensa-esp-elf/buildtools/complibs-host --with-isl=/builds/idf/crosstool-NG/.build/xtensa-esp-elf/buildtools/complibs-host --enable-lto --enable-target-optspace --without-long-double-128 --disable-nls --enable-multiarch --enable-languages=c c++ --disable-libstdcxx-verbose --enable-threads=posix --enable-gcov-custom-rtio --enable-libstdcxx-time=yes]
  ignore line: [Thread model: posix]
  ignore line: [Supported LTO compression algorithms: zlib]
  ignore line: [gcc version 14.2.0 (crosstool-NG esp-14.2.0_20241119) ]
  ignore line: [COLLECT_GCC_OPTIONS='-mdynconfig=xtensa_esp32s3.so' '-mlongcalls' '-fno-builtin-memcpy' '-fno-builtin-memset' '-fno-builtin-bzero' '-fno-builtin-stpcpy' '-fno-builtin-strncpy' '-v' '-o' 'CMakeFiles/cmTC_606c3.dir/CMakeCCompilerABI.c.obj' '-c' '-dumpdir' 'CMakeFiles/cmTC_606c3.dir/']
  ignore line: [ /Users/jameswjohnson/.platformio/packages/toolchain-xtensa-esp-elf/bin/../libexec/gcc/xtensa-esp-elf/14.2.0/cc1 -quiet -v -imultilib esp32s3 -iprefix /Users/jameswjohnson/.platformio/packages/toolchain-xtensa-esp-elf/bin/../lib/gcc/xtensa-esp-elf/14.2.0/ -isysroot /Users/jameswjohnson/.platformio/packages/toolchain-xtensa-esp-elf/bin/../xtensa-esp-elf /Users/jameswjohnson/.platformio/packages/tool-cmake/share/cmake-3.16/Modules/CMakeCCompilerABI.c -quiet -dumpdir CMakeFiles/cmTC_606c3.dir/ -dumpbase CMakeCCompilerABI.c.c -dumpbase-ext .c -mdynconfig=xtensa_esp32s3.so -mlongcalls -version -fno-builtin-memcpy -fno-builtin-memset -fno-builtin-bzero -fno-builtin-stpcpy -fno-builtin-strncpy -o /var/folders/td/71s2lclx78dfmvzmkd6jjcm80000gn/T//cc3CwZEt.s]
  ignore line: [GNU C17 (crosstool-NG esp-14.2.0_20241119) version 14.2.0 (xtensa-esp-elf)]
  ignore line: [	compiled by GNU C version Debian Clang 11.0.1  GMP version 6.2.1  MPFR version 4.2.1  MPC version 1.2.1  isl version isl-0.26-GMP]
  ignore line: []
  ignore line: [GGC heuristics: --param ggc-min-expand=100 --param ggc-min-heapsize=131072]
  ignore line: [ignoring duplicate directory "/Users/jameswjohnson/.platformio/packages/toolchain-xtensa-esp-elf/bin/../lib/gcc/../../lib/gcc/xtensa-esp-elf/14.2.0/include"]
  ignore line: [ignoring nonexistent directory "/Users/jameswjohnson/.platformio/packages/toolchain-xtensa-esp-elf/bin/../xtensa-esp-elf/builds/idf/crosstool-NG/builds/xtensa-esp-elf/xtensa-esp-elf/include"]
  ignore line: [ignoring duplicate directory "/Users/jameswjohnson/.platformio/packages/toolchain-xtensa-esp-elf/bin/../lib/gcc/../../lib/gcc/xtensa-esp-elf/14.2.0/include-fixed"]
  ignore line: [ignoring duplicate directory "/Users/jameswjohnson/.platformio/packages/toolchain-xtensa-esp-elf/bin/../lib/gcc/../../lib/gcc/xtensa-esp-elf/14.2.0/../../../../xtensa-esp-elf/include"]
  ignore line: [ignoring duplicate directory "/Users/jameswjohnson/.platformio/packages/toolchain-xtensa-esp-elf/bin/../xtensa-esp-elf/include"]
  ignore line: [#include "..." search starts here:]
  ignore line: [#include <...> search starts here:]
  ignore line: [ /Users/jameswjohnson/.platformio/packages/toolchain-xtensa-esp-elf/bin/../lib/gcc/xtensa-esp-elf/14.2.0/include]
  ignore line: [ /Users/jameswjohnson/.platformio/packages/toolchain-xtensa-esp-elf/bin/../lib/gcc/xtensa-esp-elf/14.2.0/include-fixed]
  ignore line: [ /Users/jameswjohnson/.platformio/packages/toolchain-xtensa-esp-elf/bin/../lib/gcc/xtensa-esp-elf/14.2.0/../../../../xtensa-esp-elf/include]
  ignore line: [End of search list.]
  ignore line: [Compiler executable checksum: af69fd9f9a101617223bab54c4450538]
  ignore line: [COLLECT_GCC_OPTIONS='-mdynconfig=xtensa_esp32s3.so' '-mlongcalls' '-fno-builtin-memcpy' '-fno-builtin-memset' '-fno-builtin-bzero' '-fno-builtin-stpcpy' '-fno-builtin-strncpy' '-v' '-o' 'CMakeFiles/cmTC_606c3.dir/CMakeCCompilerABI.c.obj' '-c' '-dumpdir' 'CMakeFiles/cmTC_606c3.dir/']
  ignore line: [ /Users/jameswjohnson/.platformio/packages/toolchain-xtensa-esp-elf/bin/../lib/gcc/xtensa-esp-elf/14.2.0/../../../../xtensa-esp-elf/bin/as --traditional-format --longcalls --dynconfig=xtensa_esp32s3.so -o CMakeFiles/cmTC_606c3.dir/CMakeCCompilerABI.c.obj /var/folders/td/71s2lclx78dfmvzmkd6jjcm80000gn/T//cc3CwZEt.s]
  ignore line: [COMPILER_PATH=/Users/jameswjohnson/.platformio/packages/toolchain-xtensa-esp-elf/bin/../libexec/gcc/xtensa-esp-elf/14.2.0/:/Users/jameswjohnson/.platformio/packages/toolchain-xtensa-esp-elf/bin/../libexec/gcc/:/Users/jameswjohnson/.platformio/packages/toolchain-xtensa-esp-elf/bin/../lib/gcc/xtensa-esp-elf/14.2.0/../../../../xtensa-esp-elf/bin/]
  ignore line: [LIBRARY_PATH=/Users/jameswjohnson/.platformio/packages/toolchain-xtensa-esp-elf/bin/../lib/gcc/xtensa-esp-elf/14.2.0/esp32s3/:/Users/jameswjohnson/.platformio/packages/toolchain-xtensa-esp-elf/bin/../lib/gcc/xtensa-esp-elf/14.2.0/../../../../xtensa-esp-elf/lib/esp32s3/:/Users/jameswjohnson/.platformio/packages/toolchain-xtensa-esp-elf/bin/../xtensa-esp-elf/lib/esp32s3/:/Users/jameswjohnson/.platformio/packages/toolchain-xtensa-esp-elf/bin/../lib/gcc/xtensa-esp-elf/14.2.0/:/Users/jameswjohnson/.platformio/packages/toolchain-xtensa-esp-elf/bin/../lib/gcc/:/Users/jameswjohnson/.platformio/packages/toolchain-xtensa-esp-elf/bin/../lib/gcc/xtensa-esp-elf/14.2.0/../../../../xtensa-esp-elf/lib/:/Users/jameswjohnson/.platformio/packages/toolchain-xtensa-esp-elf/bin/../xtensa-esp-elf/lib/]
  ignore line: [COLLECT_GCC_OPTIONS='-mdynconfig=xtensa_esp32s3.so' '-mlongcalls' '-fno-builtin-memcpy' '-fno-builtin-memset' '-fno-builtin-bzero' '-fno-builtin-stpcpy' '-fno-builtin-strncpy' '-v' '-o' 'CMakeFiles/cmTC_606c3.dir/CMakeCCompilerABI.c.obj' '-c' '-dumpdir' 'CMakeFiles/cmTC_606c3.dir/CMakeCCompilerABI.c.']
  ignore line: [[2/2] Linking C static library libcmTC_606c3.a]
  ignore line: []
  ignore line: []
  implicit libs: []
  implicit dirs: []
  implicit fwks: []


Determining if the CXX compiler works passed with the following output:
Change Dir: /Users/jameswjohnson/Documents/ESP32/touchExplore/.pio/build/esp32s3box/CMakeFiles/CMakeTmp

Run Build Command(s):/Users/jameswjohnson/.platformio/packages/tool-ninja/ninja cmTC_935fb && [1/2] Building CXX object CMakeFiles/cmTC_935fb.dir/testCXXCompiler.cxx.obj
[2/2] Linking CXX static library libcmTC_935fb.a



Detecting CXX compiler ABI info compiled with the following output:
Change Dir: /Users/jameswjohnson/Documents/ESP32/touchExplore/.pio/build/esp32s3box/CMakeFiles/CMakeTmp

Run Build Command(s):/Users/jameswjohnson/.platformio/packages/tool-ninja/ninja cmTC_3b42e && [1/2] Building CXX object CMakeFiles/cmTC_3b42e.dir/CMakeCXXCompilerABI.cpp.obj
Using built-in specs.
COLLECT_GCC=/Users/jameswjohnson/.platformio/packages/toolchain-xtensa-esp-elf/bin/xtensa-esp-elf-g++
Target: xtensa-esp-elf
Configured with: /builds/idf/crosstool-NG/.build/xtensa-esp-elf/src/gcc/configure --build=x86_64-build_pc-linux-gnu --host=aarch64-host_apple-darwin21.1 --target=xtensa-esp-elf --prefix=/builds/idf/crosstool-NG/builds/xtensa-esp-elf --exec_prefix=/builds/idf/crosstool-NG/builds/xtensa-esp-elf --with-local-prefix=/builds/idf/crosstool-NG/builds/xtensa-esp-elf/xtensa-esp-elf --with-sysroot=/builds/idf/crosstool-NG/builds/xtensa-esp-elf/xtensa-esp-elf --with-native-system-header-dir=/include --with-newlib --enable-threads=no --disable-shared --with-pkgversion='crosstool-NG esp-14.2.0_20241119' --disable-__cxa_atexit --enable-cxx-flags=-ffunction-sections --disable-libgomp --disable-libmudflap --disable-libmpx --disable-libssp --disable-libquadmath --disable-libquadmath-support --disable-libstdcxx-verbose --with-gmp=/builds/idf/crosstool-NG/.build/xtensa-esp-elf/buildtools/complibs-host --with-mpfr=/builds/idf/crosstool-NG/.build/xtensa-esp-elf/buildtools/complibs-host --with-mpc=/builds/idf/crosstool-NG/.build/xtensa-esp-elf/buildtools/complibs-host --with-isl=/builds/idf/crosstool-NG/.build/xtensa-esp-elf/buildtools/complibs-host --enable-lto --enable-target-optspace --without-long-double-128 --disable-nls --enable-multiarch --enable-languages=c,c++ --disable-libstdcxx-verbose --enable-threads=posix --enable-gcov-custom-rtio --enable-libstdcxx-time=yes
Thread model: posix
Supported LTO compression algorithms: zlib
gcc version 14.2.0 (crosstool-NG esp-14.2.0_20241119) 
COLLECT_GCC_OPTIONS='-mdynconfig=xtensa_esp32s3.so' '-mlongcalls' '-fno-builtin-memcpy' '-fno-builtin-memset' '-fno-builtin-bzero' '-fno-builtin-stpcpy' '-fno-builtin-strncpy' '-v' '-o' 'CMakeFiles/cmTC_3b42e.dir/CMakeCXXCompilerABI.cpp.obj' '-c' '-dumpdir' 'CMakeFiles/cmTC_3b42e.dir/'
 /Users/jameswjohnson/.platformio/packages/toolchain-xtensa-esp-elf/bin/../libexec/gcc/xtensa-esp-elf/14.2.0/cc1plus -quiet -v -imultilib esp32s3 -iprefix /Users/jameswjohnson/.platformio/packages/toolchain-xtensa-esp-elf/bin/../lib/gcc/xtensa-esp-elf/14.2.0/ -isysroot /Users/jameswjohnson/.platformio/packages/toolchain-xtensa-esp-elf/bin/../xtensa-esp-elf /Users/jameswjohnson/.platformio/packages/tool-cmake/share/cmake-3.16/Modules/CMakeCXXCompilerABI.cpp -quiet -dumpdir CMakeFiles/cmTC_3b42e.dir/ -dumpbase CMakeCXXCompilerABI.cpp.cpp -dumpbase-ext .cpp -mdynconfig=xtensa_esp32s3.so -mlongcalls -version -fno-builtin-memcpy -fno-builtin-memset -fno-builtin-bzero -fno-builtin-stpcpy -fno-builtin-strncpy -o /var/folders/td/71s2lclx78dfmvzmkd6jjcm80000gn/T//ccU3O4d8.s
GNU C++17 (crosstool-NG esp-14.2.0_20241119) version 14.2.0 (xtensa-esp-elf)
	compiled by GNU C version Debian Clang 11.0.1, GMP version 6.2.1, MPFR version 4.2.1, MPC version 1.2.1, isl version isl-0.26-GMP

GGC heuristics: --param ggc-min-expand=100 --param ggc-min-heapsize=131072
ignoring duplicate directory "/Users/jameswjohnson/.platformio/packages/toolchain-xtensa-esp-elf/bin/../lib/gcc/../../lib/gcc/xtensa-esp-elf/14.2.0/../../../../xtensa-esp-elf/include/c++/14.2.0"
ignoring duplicate directory "/Users/jameswjohnson/.platformio/packages/toolchain-xtensa-esp-elf/bin/../lib/gcc/../../lib/gcc/xtensa-esp-elf/14.2.0/../../../../xtensa-esp-elf/include/c++/14.2.0/xtensa-esp-elf/esp32s3"
ignoring duplicate directory "/Users/jameswjohnson/.platformio/packages/toolchain-xtensa-esp-elf/bin/../lib/gcc/../../lib/gcc/xtensa-esp-elf/14.2.0/../../../../xtensa-esp-elf/include/c++/14.2.0/backward"
ignoring duplicate directory "/Users/jameswjohnson/.platformio/packages/toolchain-xtensa-esp-elf/bin/../lib/gcc/../../lib/gcc/xtensa-esp-elf/14.2.0/include"
ignoring nonexistent directory "/Users/jameswjohnson/.platformio/packages/toolchain-xtensa-esp-elf/bin/../xtensa-esp-elf/builds/idf/crosstool-NG/builds/xtensa-esp-elf/xtensa-esp-elf/include"
ignoring duplicate directory "/Users/jameswjohnson/.platformio/packages/toolchain-xtensa-esp-elf/bin/../lib/gcc/../../lib/gcc/xtensa-esp-elf/14.2.0/include-fixed"
ignoring duplicate directory "/Users/jameswjohnson/.platformio/packages/toolchain-xtensa-esp-elf/bin/../lib/gcc/../../lib/gcc/xtensa-esp-elf/14.2.0/../../../../xtensa-esp-elf/include"
ignoring duplicate directory "/Users/jameswjohnson/.platformio/packages/toolchain-xtensa-esp-elf/bin/../xtensa-esp-elf/include"
#include "..." search starts here:
#include <...> search starts here:
 /Users/jameswjohnson/.platformio/packages/toolchain-xtensa-esp-elf/bin/../lib/gcc/xtensa-esp-elf/14.2.0/../../../../xtensa-esp-elf/include/c++/14.2.0
 /Users/jameswjohnson/.platformio/packages/toolchain-xtensa-esp-elf/bin/../lib/gcc/xtensa-esp-elf/14.2.0/../../../../xtensa-esp-elf/include/c++/14.2.0/xtensa-esp-elf/esp32s3
 /Users/jameswjohnson/.platformio/packages/toolchain-xtensa-esp-elf/bin/../lib/gcc/xtensa-esp-elf/14.2.0/../../../../xtensa-esp-elf/include/c++/14.2.0/backward
 /Users/jameswjohnson/.platformio/packages/toolchain-xtensa-esp-elf/bin/../lib/gcc/xtensa-esp-elf/14.2.0/include
 /Users/jameswjohnson/.platformio/packages/toolchain-xtensa-esp-elf/bin/../lib/gcc/xtensa-esp-elf/14.2.0/include-fixed
 /Users/jameswjohnson/.platformio/packages/toolchain-xtensa-esp-elf/bin/../lib/gcc/xtensa-esp-elf/14.2.0/../../../../xtensa-esp-elf/include
End of search list.
Compiler executable checksum: f95fb27b9d6b101b60d0ece4239a97f9
COLLECT_GCC_OPTIONS='-mdynconfig=xtensa_esp32s3.so' '-mlongcalls' '-fno-builtin-memcpy' '-fno-builtin-memset' '-fno-builtin-bzero' '-fno-builtin-stpcpy' '-fno-builtin-strncpy' '-v' '-o' 'CMakeFiles/cmTC_3b42e.dir/CMakeCXXCompilerABI.cpp.obj' '-c' '-dumpdir' 'CMakeFiles/cmTC_3b42e.dir/'
 /Users/jameswjohnson/.platformio/packages/toolchain-xtensa-esp-elf/bin/../lib/gcc/xtensa-esp-elf/14.2.0/../../../../xtensa-esp-elf/bin/as --traditional-format --longcalls --dynconfig=xtensa_esp32s3.so -o CMakeFiles/cmTC_3b42e.dir/CMakeCXXCompilerABI.cpp.obj /var/folders/td/71s2lclx78dfmvzmkd6jjcm80000gn/T//ccU3O4d8.s
COMPILER_PATH=/Users/jameswjohnson/.platformio/packages/toolchain-xtensa-esp-elf/bin/../libexec/gcc/xtensa-esp-elf/14.2.0/:/Users/jameswjohnson/.platformio/packages/toolchain-xtensa-esp-elf/bin/../libexec/gcc/:/Users/jameswjohnson/.platformio/packages/toolchain-xtensa-esp-elf/bin/../lib/gcc/xtensa-esp-elf/14.2.0/../../../../xtensa-esp-elf/bin/
LIBRARY_PATH=/Users/jameswjohnson/.platformio/packages/toolchain-xtensa-esp-elf/bin/../lib/gcc/xtensa-esp-elf/14.2.0/esp32s3/:/Users/jameswjohnson/.platformio/packages/toolchain-xtensa-esp-elf/bin/../lib/gcc/xtensa-esp-elf/14.2.0/../../../../xtensa-esp-elf/lib/esp32s3/:/Users/jameswjohnson/.platformio/packages/toolchain-xtensa-esp-elf/bin/../xtensa-esp-elf/lib/esp32s3/:/Users/jameswjohnson/.platformio/packages/toolchain-xtensa-esp-elf/bin/../lib/gcc/xtensa-esp-elf/14.2.0/:/Users/jameswjohnson/.platformio/packages/toolchain-xtensa-esp-elf/bin/../lib/gcc/:/Users/jameswjohnson/.platformio/packages/toolchain-xtensa-esp-elf/bin/../lib/gcc/xtensa-esp-elf/14.2.0/../../../../xtensa-esp-elf/lib/:/Users/jameswjohnson/.platformio/packages/toolchain-xtensa-esp-elf/bin/../xtensa-esp-elf/lib/
COLLECT_GCC_OPTIONS='-mdynconfig=xtensa_esp32s3.so' '-mlongcalls' '-fno-builtin-memcpy' '-fno-builtin-memset' '-fno-builtin-bzero' '-fno-builtin-stpcpy' '-fno-builtin-strncpy' '-v' '-o' 'CMakeFiles/cmTC_3b42e.dir/CMakeCXXCompilerABI.cpp.obj' '-c' '-dumpdir' 'CMakeFiles/cmTC_3b42e.dir/CMakeCXXCompilerABI.cpp.'
[2/2] Linking CXX static library libcmTC_3b42e.a



Parsed CXX implicit include dir info from above output: rv=done
  found start of include info
  found start of implicit include info
    add: [/Users/jameswjohnson/.platformio/packages/toolchain-xtensa-esp-elf/bin/../lib/gcc/xtensa-esp-elf/14.2.0/../../../../xtensa-esp-elf/include/c++/14.2.0]
    add: [/Users/jameswjohnson/.platformio/packages/toolchain-xtensa-esp-elf/bin/../lib/gcc/xtensa-esp-elf/14.2.0/../../../../xtensa-esp-elf/include/c++/14.2.0/xtensa-esp-elf/esp32s3]
    add: [/Users/jameswjohnson/.platformio/packages/toolchain-xtensa-esp-elf/bin/../lib/gcc/xtensa-esp-elf/14.2.0/../../../../xtensa-esp-elf/include/c++/14.2.0/backward]
    add: [/Users/jameswjohnson/.platformio/packages/toolchain-xtensa-esp-elf/bin/../lib/gcc/xtensa-esp-elf/14.2.0/include]
    add: [/Users/jameswjohnson/.platformio/packages/toolchain-xtensa-esp-elf/bin/../lib/gcc/xtensa-esp-elf/14.2.0/include-fixed]
    add: [/Users/jameswjohnson/.platformio/packages/toolchain-xtensa-esp-elf/bin/../lib/gcc/xtensa-esp-elf/14.2.0/../../../../xtensa-esp-elf/include]
  end of search list found
  collapse include dir [/Users/jameswjohnson/.platformio/packages/toolchain-xtensa-esp-elf/bin/../lib/gcc/xtensa-esp-elf/14.2.0/../../../../xtensa-esp-elf/include/c++/14.2.0] ==> [/Users/jameswjohnson/.platformio/packages/toolchain-xtensa-esp-elf/xtensa-esp-elf/include/c++/14.2.0]
  collapse include dir [/Users/jameswjohnson/.platformio/packages/toolchain-xtensa-esp-elf/bin/../lib/gcc/xtensa-esp-elf/14.2.0/../../../../xtensa-esp-elf/include/c++/14.2.0/xtensa-esp-elf/esp32s3] ==> [/Users/jameswjohnson/.platformio/packages/toolchain-xtensa-esp-elf/xtensa-esp-elf/include/c++/14.2.0/xtensa-esp-elf/esp32s3]
  collapse include dir [/Users/jameswjohnson/.platformio/packages/toolchain-xtensa-esp-elf/bin/../lib/gcc/xtensa-esp-elf/14.2.0/../../../../xtensa-esp-elf/include/c++/14.2.0/backward] ==> [/Users/jameswjohnson/.platformio/packages/toolchain-xtensa-esp-elf/xtensa-esp-elf/include/c++/14.2.0/backward]
  collapse include dir [/Users/jameswjohnson/.platformio/packages/toolchain-xtensa-esp-elf/bin/../lib/gcc/xtensa-esp-elf/14.2.0/include] ==> [/Users/jameswjohnson/.platformio/packages/toolchain-xtensa-esp-elf/lib/gcc/xtensa-esp-elf/14.2.0/include]
  collapse include dir [/Users/jameswjohnson/.platformio/packages/toolchain-xtensa-esp-elf/bin/../lib/gcc/xtensa-esp-elf/14.2.0/include-fixed] ==> [/Users/jameswjohnson/.platformio/packages/toolchain-xtensa-esp-elf/lib/gcc/xtensa-esp-elf/14.2.0/include-fixed]
  collapse include dir [/Users/jameswjohnson/.platformio/packages/toolchain-xtensa-esp-elf/bin/../lib/gcc/xtensa-esp-elf/14.2.0/../../../../xtensa-esp-elf/include] ==> [/Users/jameswjohnson/.platformio/packages/toolchain-xtensa-esp-elf/xtensa-esp-elf/include]
  implicit include dirs: [/Users/jameswjohnson/.platformio/packages/toolchain-xtensa-esp-elf/xtensa-esp-elf/include/c++/14.2.0;/Users/jameswjohnson/.platformio/packages/toolchain-xtensa-esp-elf/xtensa-esp-elf/include/c++/14.2.0/xtensa-esp-elf/esp32s3;/Users/jameswjohnson/.platformio/packages/toolchain-xtensa-esp-elf/xtensa-esp-elf/include/c++/14.2.0/backward;/Users/jameswjohnson/.platformio/packages/toolchain-xtensa-esp-elf/lib/gcc/xtensa-esp-elf/14.2.0/include;/Users/jameswjohnson/.platformio/packages/toolchain-xtensa-esp-elf/lib/gcc/xtensa-esp-elf/14.2.0/include-fixed;/Users/jameswjohnson/.platformio/packages/toolchain-xtensa-esp-elf/xtensa-esp-elf/include]


Parsed CXX implicit link information from above output:
  link line regex: [^( *|.*[/\])(xtensa-esp32s3-elf-ld|CMAKE_LINK_STARTFILE-NOTFOUND|([^/\]+-)?ld|collect2)[^/\]*( |$)]
  ignore line: [Change Dir: /Users/jameswjohnson/Documents/ESP32/touchExplore/.pio/build/esp32s3box/CMakeFiles/CMakeTmp]
  ignore line: []
  ignore line: [Run Build Command(s):/Users/jameswjohnson/.platformio/packages/tool-ninja/ninja cmTC_3b42e && [1/2] Building CXX object CMakeFiles/cmTC_3b42e.dir/CMakeCXXCompilerABI.cpp.obj]
  ignore line: [Using built-in specs.]
  ignore line: [COLLECT_GCC=/Users/jameswjohnson/.platformio/packages/toolchain-xtensa-esp-elf/bin/xtensa-esp-elf-g++]
  ignore line: [Target: xtensa-esp-elf]
  ignore line: [Configured with: /builds/idf/crosstool-NG/.build/xtensa-esp-elf/src/gcc/configure --build=x86_64-build_pc-linux-gnu --host=aarch64-host_apple-darwin21.1 --target=xtensa-esp-elf --prefix=/builds/idf/crosstool-NG/builds/xtensa-esp-elf --exec_prefix=/builds/idf/crosstool-NG/builds/xtensa-esp-elf --with-local-prefix=/builds/idf/crosstool-NG/builds/xtensa-esp-elf/xtensa-esp-elf --with-sysroot=/builds/idf/crosstool-NG/builds/xtensa-esp-elf/xtensa-esp-elf --with-native-system-header-dir=/include --with-newlib --enable-threads=no --disable-shared --with-pkgversion='crosstool-NG esp-14.2.0_20241119' --disable-__cxa_atexit --enable-cxx-flags=-ffunction-sections --disable-libgomp --disable-libmudflap --disable-libmpx --disable-libssp --disable-libquadmath --disable-libquadmath-support --disable-libstdcxx-verbose --with-gmp=/builds/idf/crosstool-NG/.build/xtensa-esp-elf/buildtools/complibs-host --with-mpfr=/builds/idf/crosstool-NG/.build/xtensa-esp-elf/buildtools/complibs-host --with-mpc=/builds/idf/crosstool-NG/.build/xtensa-esp-elf/buildtools/complibs-host --with-isl=/builds/idf/crosstool-NG/.build/xtensa-esp-elf/buildtools/complibs-host --enable-lto --enable-target-optspace --without-long-double-128 --disable-nls --enable-multiarch --enable-languages=c c++ --disable-libstdcxx-verbose --enable-threads=posix --enable-gcov-custom-rtio --enable-libstdcxx-time=yes]
  ignore line: [Thread model: posix]
  ignore line: [Supported LTO compression algorithms: zlib]
  ignore line: [gcc version 14.2.0 (crosstool-NG esp-14.2.0_20241119) ]
  ignore line: [COLLECT_GCC_OPTIONS='-mdynconfig=xtensa_esp32s3.so' '-mlongcalls' '-fno-builtin-memcpy' '-fno-builtin-memset' '-fno-builtin-bzero' '-fno-builtin-stpcpy' '-fno-builtin-strncpy' '-v' '-o' 'CMakeFiles/cmTC_3b42e.dir/CMakeCXXCompilerABI.cpp.obj' '-c' '-dumpdir' 'CMakeFiles/cmTC_3b42e.dir/']
  ignore line: [ /Users/jameswjohnson/.platformio/packages/toolchain-xtensa-esp-elf/bin/../libexec/gcc/xtensa-esp-elf/14.2.0/cc1plus -quiet -v -imultilib esp32s3 -iprefix /Users/jameswjohnson/.platformio/packages/toolchain-xtensa-esp-elf/bin/../lib/gcc/xtensa-esp-elf/14.2.0/ -isysroot /Users/jameswjohnson/.platformio/packages/toolchain-xtensa-esp-elf/bin/../xtensa-esp-elf /Users/jameswjohnson/.platformio/packages/tool-cmake/share/cmake-3.16/Modules/CMakeCXXCompilerABI.cpp -quiet -dumpdir CMakeFiles/cmTC_3b42e.dir/ -dumpbase CMakeCXXCompilerABI.cpp.cpp -dumpbase-ext .cpp -mdynconfig=xtensa_esp32s3.so -mlongcalls -version -fno-builtin-memcpy -fno-builtin-memset -fno-builtin-bzero -fno-builtin-stpcpy -fno-builtin-strncpy -o /var/folders/td/71s2lclx78dfmvzmkd6jjcm80000gn/T//ccU3O4d8.s]
  ignore line: [GNU C++17 (crosstool-NG esp-14.2.0_20241119) version 14.2.0 (xtensa-esp-elf)]
  ignore line: [	compiled by GNU C version Debian Clang 11.0.1  GMP version 6.2.1  MPFR version 4.2.1  MPC version 1.2.1  isl version isl-0.26-GMP]
  ignore line: []
  ignore line: [GGC heuristics: --param ggc-min-expand=100 --param ggc-min-heapsize=131072]
  ignore line: [ignoring duplicate directory "/Users/jameswjohnson/.platformio/packages/toolchain-xtensa-esp-elf/bin/../lib/gcc/../../lib/gcc/xtensa-esp-elf/14.2.0/../../../../xtensa-esp-elf/include/c++/14.2.0"]
  ignore line: [ignoring duplicate directory "/Users/jameswjohnson/.platformio/packages/toolchain-xtensa-esp-elf/bin/../lib/gcc/../../lib/gcc/xtensa-esp-elf/14.2.0/../../../../xtensa-esp-elf/include/c++/14.2.0/xtensa-esp-elf/esp32s3"]
  ignore line: [ignoring duplicate directory "/Users/jameswjohnson/.platformio/packages/toolchain-xtensa-esp-elf/bin/../lib/gcc/../../lib/gcc/xtensa-esp-elf/14.2.0/../../../../xtensa-esp-elf/include/c++/14.2.0/backward"]
  ignore line: [ignoring duplicate directory "/Users/jameswjohnson/.platformio/packages/toolchain-xtensa-esp-elf/bin/../lib/gcc/../../lib/gcc/xtensa-esp-elf/14.2.0/include"]
  ignore line: [ignoring nonexistent directory "/Users/jameswjohnson/.platformio/packages/toolchain-xtensa-esp-elf/bin/../xtensa-esp-elf/builds/idf/crosstool-NG/builds/xtensa-esp-elf/xtensa-esp-elf/include"]
  ignore line: [ignoring duplicate directory "/Users/jameswjohnson/.platformio/packages/toolchain-xtensa-esp-elf/bin/../lib/gcc/../../lib/gcc/xtensa-esp-elf/14.2.0/include-fixed"]
  ignore line: [ignoring duplicate directory "/Users/jameswjohnson/.platformio/packages/toolchain-xtensa-esp-elf/bin/../lib/gcc/../../lib/gcc/xtensa-esp-elf/14.2.0/../../../../xtensa-esp-elf/include"]
  ignore line: [ignoring duplicate directory "/Users/jameswjohnson/.platformio/packages/toolchain-xtensa-esp-elf/bin/../xtensa-esp-elf/include"]
  ignore line: [#include "..." search starts here:]
  ignore line: [#include <...> search starts here:]
  ignore line: [ /Users/jameswjohnson/.platformio/packages/toolchain-xtensa-esp-elf/bin/../lib/gcc/xtensa-esp-elf/14.2.0/../../../../xtensa-esp-elf/include/c++/14.2.0]
  ignore line: [ /Users/jameswjohnson/.platformio/packages/toolchain-xtensa-esp-elf/bin/../lib/gcc/xtensa-esp-elf/14.2.0/../../../../xtensa-esp-elf/include/c++/14.2.0/xtensa-esp-elf/esp32s3]
  ignore line: [ /Users/jameswjohnson/.platformio/packages/toolchain-xtensa-esp-elf/bin/../lib/gcc/xtensa-esp-elf/14.2.0/../../../../xtensa-esp-elf/include/c++/14.2.0/backward]
  ignore line: [ /Users/jameswjohnson/.platformio/packages/toolchain-xtensa-esp-elf/bin/../lib/gcc/xtensa-esp-elf/14.2.0/include]
  ignore line: [ /Users/jameswjohnson/.platformio/packages/toolchain-xtensa-esp-elf/bin/../lib/gcc/xtensa-esp-elf/14.2.0/include-fixed]
  ignore line: [ /Users/jameswjohnson/.platformio/packages/toolchain-xtensa-esp-elf/bin/../lib/gcc/xtensa-esp-elf/14.2.0/../../../../xtensa-esp-elf/include]
  ignore line: [End of search list.]
  ignore line: [Compiler executable checksum: f95fb27b9d6b101b60d0ece4239a97f9]
  ignore line: [COLLECT_GCC_OPTIONS='-mdynconfig=xtensa_esp32s3.so' '-mlongcalls' '-fno-builtin-memcpy' '-fno-builtin-memset' '-fno-builtin-bzero' '-fno-builtin-stpcpy' '-fno-builtin-strncpy' '-v' '-o' 'CMakeFiles/cmTC_3b42e.dir/CMakeCXXCompilerABI.cpp.obj' '-c' '-dumpdir' 'CMakeFiles/cmTC_3b42e.dir/']
  ignore line: [ /Users/jameswjohnson/.platformio/packages/toolchain-xtensa-esp-elf/bin/../lib/gcc/xtensa-esp-elf/14.2.0/../../../../xtensa-esp-elf/bin/as --traditional-format --longcalls --dynconfig=xtensa_esp32s3.so -o CMakeFiles/cmTC_3b42e.dir/CMakeCXXCompilerABI.cpp.obj /var/folders/td/71s2lclx78dfmvzmkd6jjcm80000gn/T//ccU3O4d8.s]
  ignore line: [COMPILER_PATH=/Users/jameswjohnson/.platformio/packages/toolchain-xtensa-esp-elf/bin/../libexec/gcc/xtensa-esp-elf/14.2.0/:/Users/jameswjohnson/.platformio/packages/toolchain-xtensa-esp-elf/bin/../libexec/gcc/:/Users/jameswjohnson/.platformio/packages/toolchain-xtensa-esp-elf/bin/../lib/gcc/xtensa-esp-elf/14.2.0/../../../../xtensa-esp-elf/bin/]
  ignore line: [LIBRARY_PATH=/Users/jameswjohnson/.platformio/packages/toolchain-xtensa-esp-elf/bin/../lib/gcc/xtensa-esp-elf/14.2.0/esp32s3/:/Users/jameswjohnson/.platformio/packages/toolchain-xtensa-esp-elf/bin/../lib/gcc/xtensa-esp-elf/14.2.0/../../../../xtensa-esp-elf/lib/esp32s3/:/Users/jameswjohnson/.platformio/packages/toolchain-xtensa-esp-elf/bin/../xtensa-esp-elf/lib/esp32s3/:/Users/jameswjohnson/.platformio/packages/toolchain-xtensa-esp-elf/bin/../lib/gcc/xtensa-esp-elf/14.2.0/:/Users/jameswjohnson/.platformio/packages/toolchain-xtensa-esp-elf/bin/../lib/gcc/:/Users/jameswjohnson/.platformio/packages/toolchain-xtensa-esp-elf/bin/../lib/gcc/xtensa-esp-elf/14.2.0/../../../../xtensa-esp-elf/lib/:/Users/jameswjohnson/.platformio/packages/toolchain-xtensa-esp-elf/bin/../xtensa-esp-elf/lib/]
  ignore line: [COLLECT_GCC_OPTIONS='-mdynconfig=xtensa_esp32s3.so' '-mlongcalls' '-fno-builtin-memcpy' '-fno-builtin-memset' '-fno-builtin-bzero' '-fno-builtin-stpcpy' '-fno-builtin-strncpy' '-v' '-o' 'CMakeFiles/cmTC_3b42e.dir/CMakeCXXCompilerABI.cpp.obj' '-c' '-dumpdir' 'CMakeFiles/cmTC_3b42e.dir/CMakeCXXCompilerABI.cpp.']
  ignore line: [[2/2] Linking CXX static library libcmTC_3b42e.a]
  ignore line: []
  ignore line: []
  implicit libs: []
  implicit dirs: []
  implicit fwks: []


Determining if the include file pthread.h exists passed with the following output:
Change Dir: /Users/jameswjohnson/Documents/ESP32/touchExplore/.pio/build/esp32s3box/CMakeFiles/CMakeTmp

Run Build Command(s):/Users/jameswjohnson/.platformio/packages/tool-ninja/ninja cmTC_167f4 && [1/2] Building C object CMakeFiles/cmTC_167f4.dir/CheckIncludeFile.c.obj
[2/2] Linking C static library libcmTC_167f4.a



Performing C SOURCE FILE Test CMAKE_HAVE_LIBC_PTHREAD succeeded with the following output:
Change Dir: /Users/jameswjohnson/Documents/ESP32/touchExplore/.pio/build/esp32s3box/CMakeFiles/CMakeTmp

Run Build Command(s):/Users/jameswjohnson/.platformio/packages/tool-ninja/ninja cmTC_5ec6b && [1/2] Building C object CMakeFiles/cmTC_5ec6b.dir/src.c.obj
[2/2] Linking C static library libcmTC_5ec6b.a


Source file was:
#include <pthread.h>

void* test_func(void* data)
{
  return data;
}

int main(void)
{
  pthread_t thread;
  pthread_create(&thread, NULL, test_func, NULL);
  pthread_detach(thread);
  pthread_join(thread, NULL);
  pthread_atfork(NULL, NULL, NULL);
  pthread_exit(NULL);

  return 0;
}

Performing C SOURCE FILE Test C_COMPILER_SUPPORTS_WFORMAT_SIGNEDNESS succeeded with the following output:
Change Dir: /Users/jameswjohnson/Documents/ESP32/touchExplore/.pio/build/esp32s3box/CMakeFiles/CMakeTmp

Run Build Command(s):/Users/jameswjohnson/.platformio/packages/tool-ninja/ninja cmTC_bf85c && [1/2] Building C object CMakeFiles/cmTC_bf85c.dir/src.c.obj
[2/2] Linking C static library libcmTC_bf85c.a


Source file was:
int main(void) { return 0; }
